<?xml version="1.0" encoding="UTF-8"?>
<coverage generated="1631099487149" clover="3.2.0">
  <project timestamp="1631099487149" name="All files">
    <metrics statements="12" coveredstatements="12" conditionals="10" coveredconditionals="10" methods="3" coveredmethods="3" elements="25" coveredelements="25" complexity="0" loc="12" ncloc="12" packages="1" files="1" classes="1"/>
    <file name="authenticator.js" path="/home/jaosso/Documents/Repositorys/firmlandia/app/controllers/authenticator.js">
      <metrics statements="12" coveredstatements="12" conditionals="10" coveredconditionals="10" methods="3" coveredmethods="3"/>
      <line num="3" count="2" type="stmt"/>
      <line num="4" count="2" type="stmt"/>
      <line num="5" count="2" type="stmt"/>
      <line num="6" count="2" type="stmt"/>
      <line num="10" count="6" type="cond" truecount="2" falsecount="0"/>
      <line num="19" count="1" type="stmt"/>
      <line num="21" count="5" type="stmt"/>
      <line num="31" count="3" type="cond" truecount="2" falsecount="0"/>
      <line num="35" count="2" type="cond" truecount="2" falsecount="0"/>
      <line num="36" count="1" type="stmt"/>
      <line num="39" count="2" type="stmt"/>
      <line num="42" count="1" type="stmt"/>
    </file>
  </project>
</coverage>
