TN:
SF:app/controllers/board_controller.js
FN:2,(anonymous_0)
FN:4,(anonymous_1)
FNF:2
FNH:0
FNDA:0,(anonymous_0)
FNDA:0,(anonymous_1)
DA:5,0
DA:9,1
LF:2
LH:1
BRF:0
BRH:0
end_of_record
TN:
SF:app/controllers/user_controller.js
FN:4,(anonymous_0)
FN:9,(anonymous_1)
FNF:2
FNH:2
FNDA:1,(anonymous_0)
FNDA:1,(anonymous_1)
DA:1,1
DA:5,1
DA:6,1
DA:10,1
DA:11,1
DA:12,1
DA:14,1
DA:18,1
LF:8
LH:8
BRF:0
BRH:0
end_of_record
TN:
SF:app/models/user.js
FN:2,(anonymous_0)
FN:9,(anonymous_1)
FN:13,(anonymous_2)
FN:17,(anonymous_3)
FN:21,(anonymous_4)
FN:25,(anonymous_5)
FN:29,(anonymous_6)
FN:33,(anonymous_7)
FNF:8
FNH:8
FNDA:2,(anonymous_0)
FNDA:1,(anonymous_1)
FNDA:2,(anonymous_2)
FNDA:2,(anonymous_3)
FNDA:2,(anonymous_4)
FNDA:1,(anonymous_5)
FNDA:1,(anonymous_6)
FNDA:1,(anonymous_7)
DA:3,2
DA:4,2
DA:5,2
DA:6,2
DA:10,1
DA:14,2
DA:18,2
DA:22,2
DA:26,1
DA:30,1
DA:34,1
DA:38,2
LF:12
LH:12
BRF:0
BRH:0
end_of_record
